creaseed	 to promote 
scribeed	 said it 
tail	 a menu 
cured	 have carried out 
sufficient	 sufficient enough 
sight	 an analysis 
bates	 a discussion 
vocation	 the remedies 
stances	 case studies 
tail	 a full description 
lay	 the transfer 
vent	 make up 
clear	 very unclear 
usual	 highly unusual 
flux	 an input 
creaseed	 the intensification 
tended	 be used 
sight	 a clear understanding 
lays	 a time period 
tended	 it claims 
likely	 relatively small 
stalled	 be provided 
pends	 do n't really know 
sign	 the presentation 
form	 some information 
folds	 has taken place 
sight	 information on 
tense	 more fierce 
capable	 legally incompetent 
serves	 are asking for 
matched	 second to none 
gre	 the basis 
secureity	 security and safety 
creed	 a presidential decree 
ward	 so many 
creaseed	 the increased number 
tended	 might be expected 
mates	 a detainee 
crease	 adding to 
pression	 crisis situations 
serve	 be back 
tends	 are proposed 
serves	 deserve that 
sureed	 being undertaken 
serves	 are calling 
creaseing	 scaled back 
pots	 their factories 
formation	 the details 
fortunate	 therefore regrettable 
fortunate	 rather inappropriate 
hapy	 happy about it 
pression	 the concern 
creases	 an altitude 
scribes	 'm talking 
available	 not available 
tails	 the mechanisms 
believable	 something special 
deed	 above all 
stallation	 been installed 
cured	 be required 
comes	 the incursion 
fold	 be built 
creaseed	 been weakened 
sights	 a submission 
gre	 an initiative 
formation	 know more 
acceptable	 are acceptable 
ease	 the anxiety 
dependentce	 country 's independence 
comes	 income growth 
less	 yeah , if 
conceivable	 just impossible 
sights	 no idea 
sires	 wished for 
creases	 is growing 
discriminate	 a blind man 
come	 come out 
stalling	 settle in 
easy	 kinda rough 
fered	 been delayed 
appropriate	 pretty unseemly 
dependentce	 , entered 
gre	 the strength 
effectiveness	 the inadequacy 
put	 its role 
sign	 the preparations 
habitants	 the citizen 's 
sideers	 the population 
dians	 aboriginal persons 
pression	 the great depression 
sofar	 all along 
dependentce	 became independent 
tails	 general information 
pends	 account for 
disposeed	 be busy 
pends	 's hard to say 
fault	 is not 
formed	 to be notified 
fered	 be postponed 
crease	 going down 
signing	 the stationing 
tense	 very good 
realistic	 not realistic 
likely	 so few 
put	 those comments 
lay	 let 's go 
veiled	 be made public 
dependentce	 operational independence 
sideers	 the industry 
roads	 an advance 
cur	 make it 
credible	 beautiful and gorgeous 
put	 any contribution 
fence	 the minister 
take	 the availability 
formation	 the answers 
sufficient	 not much 
put	 the lobby 
stalled	 put in place 
mates	 aboriginal offenders 
creaseing	 continues to increase 
lighted	 so happy for you 
secureity	 the weakness 
sirous	 those hopes 
comeing	 hold on 
less	 now if 
bates	 the debate on this motion 
feated	 been eliminated 
vested	 taken into care 
certain	 more difficult 
habit	 live today 
side	 that car 
formation	 some indication 
creases	 the alleviation 
tent	 its aims 
bate	 a panel 
changed	 forensically sound 
believable	 pretty awesome 
corporation	 the involvement 
roads	 some progress 
formal	 informal consultation 
usually	 of greatest 
bates	 these deliberations 
valid	 too fucking bad 
correct	 materially false 
dependently	 only those 
crease	 continues to grow 
stead	 quite on the contrary 
sires	 would like 
surmountable	 second to none 
feat	 defeat him 
take	 human consumption 
formed	 know of 
crease	 a cut 
pots	 storage facilities 
bates	 our thinking 
believable	 incredible , sir 
stalled	 a plant 
folds	 is on the move 
accurate	 not precise 
signing	 be elaborated 
formed	 be kept informed 
founded	 totally groundless 
formation	 the commission 
gres	 educational attainment 
port	 comes out 
loading	 a resolution 
scribeed	 described herein 
employment	 the figure 
stances	 its decisions 
creaseing	 the biggest 
signs	 these models 
sure	 just curious 
signations	 the placement 
creaseed	 is diminished 
necessary	 totally unfounded 
gre	 a testament 
put	 your contributions 
tent	 their objective 
stallation	 the formation 
duct	 keep in mind 
pressed	 been reduced 
adequate	 a deficiency 
duct	 be claimed 
tails	 the arrangement 
efficient	 not adequate 
put	 their opinions 
signation	 the identification 
sireed	 tracked down 
opened	 locked up 
wise	 only reasonable 
lock	 to open 
satisfactory	 quite inadequate 
bateed	 proceed to the debate 
sight	 a brief outline 
voices	 the bills 
cur	 will require 
fancy	 early years 
lay	 wait a minute 
roads	 positive developments 
put	 her contribution 
crease	 further expanded 
ions	 the workers 
answered	 be solved 
credible	 out of sight 
sights	 intelligence information 
valids	 patients ' 
sight	 the eyes 
gres	 that level 
clear	 rather vague 
ferment	 the suspension 
feated	 reduced to zero 
ceaseed	 really dead 
ceaseed	 has died 
deed	 even worse 
creaseing	 speeds up 
creed	 a stop 
tact	 not changed 
bateed	 mentioned here 
sight	 new prospects 
just	 unfair to them 
creaseed	 been depleted 
fancy	 early childhood development 
scent	 the derivation 
dians	 indigenous individuals 
less	 so much 
take	 the hospitality 
signed	 being constructed 
sure	 too sure 
creeds	 legislative decree 
come	 tax collection 
equality	 those differences 
usually	 more severely 
easy	 real difficult 
sirous	 their wish 
come	 planned spending 
corporation	 the basic law 
usual	 too weird 
put	 his point 
curs	 stand it 
sireed	 is necessary 
creaseed	 end lower 
done	 stop him 
come	 real income 
fence	 a lawyer 
stability	 the uncertainty 
deed	 more so 
wanted	 left out 
sireed	 intend to 
tails	 the items 
tails	 june 1993 
tails	 the term 
creed	 the award 
pend	 rely upon 
cured	 cope with 
sights	 the comment 
effective	 pointless to do so 
certain	 clear to us 
correct	 not true 
stances	 some circumstances 
ductions	 tax reductions 
creaseing	 a surge 
put	 a vote 
creases	 is improving 
tent	 every intention 
correct	 wrong on both counts 
folds	 move it 
ison	 a single voice 
sight	 the perception 
sirableility	 the wisdom 
dian	 indigenous peoples ' 
serve	 be earned 
equality	 equality of opportunity 
formation	 raise awareness 
sire	 do want 
necessary	 to explain 
scribe	 be developed 
valid	 out of order 
come	 the pay 
fortunate	 quite right 
creaseed	 was enhanced 
mining	 the priority 
necessary	 as necessary 
hapy	 so nice 
grade	 is worsening 
signs	 the reasons 
fair	 only reasonable 
believable	 just fantastic 
fence	 the defence sector 
ions	 union dues 
sign	 a position 
put	 the award 
creases	 a corresponding increase 
scribes	 is described 
creaseing	 an enlargement 
stall	 hop on 
crease	 an expansion 
creaseing	 scaled up 
adequate	 long enough 
sights	 the bills 
