likely	 little more 
put	 data collection 
signs	 the pictures 
frequent	 frequently occurring 
cur	 afford it 
ducted	 provided for 
tails	 detailed examination 
stance	 a body 
creaseed	 scaling up 
sire	 hope it will 
tent	 its aim 
creaseing	 addition to 
sign	 the organisation 
valuable	 a premium 
layed	 was late 
ductions	 a levy 
ductions	 the liability 
formation	 the materials 
significant	 too little 
true	 not true 
changed	 most inviolable 
put	 their contribution 
dependents	 independent media 
foreseeen	 a little quirky 
tent	 its intention 
creaseing	 a loss 
formation	 information act 
creases	 's rising 
pot	 a repository 
creed	 the award 
centralization	 the centrality 
creaseingly	 more often than not 
come	 tax returns 
certain	 very uncertain 
tent	 that purpose 
sights	 good ideas 
signation	 your assumption 
spireed	 take a breath 
reliable	 highly questionable 
done	 be broken 
roads	 rapid advances 
usual	 very weird 
bate	 this chamber 
ison	 an understanding 
signing	 to enact 
believable	 really incredible 
tended	 we hoped 
dependently	 independently of one another 
consequential	 not important 
comfortable	 most unpleasant 
bateed	 proceed to the debate 
put	 collaborative work 
ductions	 those contributions 
creaseed	 is diminished 
lay	 lead time 
light	 a good one 
signation	 your election 
cany	 a little weird 
ceaseed	 passed away 
cur	 put up with it 
just	 unfair to them 
cur	 going through 
cur	 give rise 
crease	 to grow 
gre	 the value 
adequate	 too small 
feated	 is dismissed 
fortunate	 very bad 
clear	 too difficult 
usual	 not uncommon 
pends	 count it 
ion	 the bloc 
changed	 to sustain 
pend	 are adopted 
fancy	 a baby 
crease	 bring up 
significant	 statistically significant 
tends	 is as follows 
cured	 taking place 
corporation	 the reception 
tails	 a detailed explanation 
convenient	 really difficult 
ion	 the league 
habit	 lives here 
load	 was transferred 
locked	 is open 
tailed	 be defined 
appropriate	 not desirable 
sight	 the perspective 
tent	 his letter 
lay	 further delay 
formation	 some reports 
real	 absolutely amazing 
tails	 these figures 
bateing	 are under discussion 
fence	 to defend themselves 
tended	 had been expected 
feated	 have failed 
easy	 a little hard 
stance	 another example 
