czech republic	germany
bottom	top
czech republic	poland
germany	sweden
thick	thin
boys	girls
children	mothers
czech republic	greece
employment	unemployment
italy	portugal
new zealand	sweden
january	july
denmark	finland
complex	simple
anybody	nobody
decreased	increased
france and	germany and
less likely	not likely
decrease	increase
belgium	italy
austria	germany
denmark	spain
dependent	independent
negative	positive
no man	nobody
front	rear
bisexual	homosexual
austria	spain
local	national
downstream	upstream
irrational	rational
, france	, italy
new zealand	norway
best	worst
greece	portugal
evil	good
romania	spain
exporting	importing
india	indonesia
germany	italy
black	white
netherlands	new zealand
greece	sweden
export	imports
finland	italy
sweden	switzerland
sunrise	sunset
blue	yellow
germany	netherlands
bad	good
hungary	romania
netherlands ,	norway ,
austria	sweden
finland	netherlands
argentina	brazil
afghanistan	pakistan
estonia	latvia
thicker	thinner
saturdays	wednesdays
finland	sweden
portugal	spain
netherlands	spain
north	south
men	women
february	january
father	mother
a man	a woman
finland	france
finland	germany
france	greece
impossible	possible
england	scotland
france ,	italy ,
downtown	uptown
left	right
africa	asia
ireland	spain
boy	girl
dry	wet
east	west
creditor	debtor
czech republic	slovakia
italy	netherlands
leeward	windward
australia	austria
netherlands	norway
finals	preliminaries
japan	korea
greece	spain
netherlands	poland
spain	sweden
insolvent	solvent
creditors	debtors
lawful	unlawful
end of	start of
austria	italy
el salvador	honduras
female	male
austria	the netherlands
france	italy
